/home/ssafy/pene_pjt/ros_ws/install/golf_ball_inspector/lib/python3.10/site-packages/golf_ball_inspector/conveyor_node.py
/home/ssafy/pene_pjt/ros_ws/install/golf_ball_inspector/lib/python3.10/site-packages/golf_ball_inspector/dobot_controller_node.py
/home/ssafy/pene_pjt/ros_ws/install/golf_ball_inspector/lib/python3.10/site-packages/golf_ball_inspector/inspection_node.py
/home/ssafy/pene_pjt/ros_ws/install/golf_ball_inspector/lib/python3.10/site-packages/golf_ball_inspector/__init__.py
/home/ssafy/pene_pjt/ros_ws/install/golf_ball_inspector/lib/python3.10/site-packages/golf_ball_inspector/socket_bridge_node.py
/home/ssafy/pene_pjt/ros_ws/install/golf_ball_inspector/lib/python3.10/site-packages/golf_ball_inspector/__pycache__/conveyor_node.cpython-310.pyc
/home/ssafy/pene_pjt/ros_ws/install/golf_ball_inspector/lib/python3.10/site-packages/golf_ball_inspector/__pycache__/dobot_controller_node.cpython-310.pyc
/home/ssafy/pene_pjt/ros_ws/install/golf_ball_inspector/lib/python3.10/site-packages/golf_ball_inspector/__pycache__/inspection_node.cpython-310.pyc
/home/ssafy/pene_pjt/ros_ws/install/golf_ball_inspector/lib/python3.10/site-packages/golf_ball_inspector/__pycache__/__init__.cpython-310.pyc
/home/ssafy/pene_pjt/ros_ws/install/golf_ball_inspector/lib/python3.10/site-packages/golf_ball_inspector/__pycache__/socket_bridge_node.cpython-310.pyc
/home/ssafy/pene_pjt/ros_ws/install/golf_ball_inspector/share/ament_index/resource_index/packages/golf_ball_inspector
/home/ssafy/pene_pjt/ros_ws/install/golf_ball_inspector/share/golf_ball_inspector/package.xml
/home/ssafy/pene_pjt/ros_ws/install/golf_ball_inspector/share/golf_ball_inspector/launch/rpi_launch.py
/home/ssafy/pene_pjt/ros_ws/install/golf_ball_inspector/share/golf_ball_inspector/launch/pc_launch.py
/home/ssafy/pene_pjt/ros_ws/install/golf_ball_inspector/lib/python3.10/site-packages/golf_ball_inspector-0.1.0-py3.10.egg-info/PKG-INFO
/home/ssafy/pene_pjt/ros_ws/install/golf_ball_inspector/lib/python3.10/site-packages/golf_ball_inspector-0.1.0-py3.10.egg-info/SOURCES.txt
/home/ssafy/pene_pjt/ros_ws/install/golf_ball_inspector/lib/python3.10/site-packages/golf_ball_inspector-0.1.0-py3.10.egg-info/requires.txt
/home/ssafy/pene_pjt/ros_ws/install/golf_ball_inspector/lib/python3.10/site-packages/golf_ball_inspector-0.1.0-py3.10.egg-info/dependency_links.txt
/home/ssafy/pene_pjt/ros_ws/install/golf_ball_inspector/lib/python3.10/site-packages/golf_ball_inspector-0.1.0-py3.10.egg-info/zip-safe
/home/ssafy/pene_pjt/ros_ws/install/golf_ball_inspector/lib/python3.10/site-packages/golf_ball_inspector-0.1.0-py3.10.egg-info/top_level.txt
/home/ssafy/pene_pjt/ros_ws/install/golf_ball_inspector/lib/python3.10/site-packages/golf_ball_inspector-0.1.0-py3.10.egg-info/entry_points.txt
/home/ssafy/pene_pjt/ros_ws/install/golf_ball_inspector/lib/golf_ball_inspector/conveyor
/home/ssafy/pene_pjt/ros_ws/install/golf_ball_inspector/lib/golf_ball_inspector/dobot_controller
/home/ssafy/pene_pjt/ros_ws/install/golf_ball_inspector/lib/golf_ball_inspector/inspection
/home/ssafy/pene_pjt/ros_ws/install/golf_ball_inspector/lib/golf_ball_inspector/socket_bridge
