[0.653s] Invoking command in '/home/ssafy/pene_pjt/dobot_realsense_calib': PYTHONPATH=/home/ssafy/pene_pjt/build/dobot_realsense_calib/prefix_override:/usr/lib/python3/dist-packages/colcon_core/task/python/colcon_distutils_commands:/home/ssafy/pene_pjt/install/dobot_realsense_calib/lib/python3.10/site-packages:${PYTHONPATH} /usr/bin/python3 -W ignore:setup.py install is deprecated -W ignore:easy_install command is deprecated setup.py egg_info --egg-base ../build/dobot_realsense_calib build --build-base /home/ssafy/pene_pjt/build/dobot_realsense_calib/build install --record /home/ssafy/pene_pjt/build/dobot_realsense_calib/install.log --single-version-externally-managed install_data
[0.870s] running egg_info
[0.881s] writing ../build/dobot_realsense_calib/dobot_realsense_calib.egg-info/PKG-INFO
[0.881s] writing dependency_links to ../build/dobot_realsense_calib/dobot_realsense_calib.egg-info/dependency_links.txt
[0.881s] writing entry points to ../build/dobot_realsense_calib/dobot_realsense_calib.egg-info/entry_points.txt
[0.881s] writing requirements to ../build/dobot_realsense_calib/dobot_realsense_calib.egg-info/requires.txt
[0.882s] writing top-level names to ../build/dobot_realsense_calib/dobot_realsense_calib.egg-info/top_level.txt
[0.905s] reading manifest file '../build/dobot_realsense_calib/dobot_realsense_calib.egg-info/SOURCES.txt'
[0.905s] writing manifest file '../build/dobot_realsense_calib/dobot_realsense_calib.egg-info/SOURCES.txt'
[0.906s] running build
[0.906s] running build_py
[0.906s] copying dobot_realsense_calib/vision.py -> /home/ssafy/pene_pjt/build/dobot_realsense_calib/build/lib/dobot_realsense_calib
[0.906s] copying dobot_realsense_calib/calib_collect.py -> /home/ssafy/pene_pjt/build/dobot_realsense_calib/build/lib/dobot_realsense_calib
[0.906s] copying dobot_realsense_calib/calib_compute.py -> /home/ssafy/pene_pjt/build/dobot_realsense_calib/build/lib/dobot_realsense_calib
[0.906s] copying dobot_realsense_calib/calib_verify.py -> /home/ssafy/pene_pjt/build/dobot_realsense_calib/build/lib/dobot_realsense_calib
[0.906s] copying dobot_realsense_calib/robot_interface.py -> /home/ssafy/pene_pjt/build/dobot_realsense_calib/build/lib/dobot_realsense_calib
[0.906s] copying dobot_realsense_calib/pick_node.py -> /home/ssafy/pene_pjt/build/dobot_realsense_calib/build/lib/dobot_realsense_calib
[0.906s] running install
[0.910s] running install_lib
[0.923s] copying /home/ssafy/pene_pjt/build/dobot_realsense_calib/build/lib/dobot_realsense_calib/vision.py -> /home/ssafy/pene_pjt/install/dobot_realsense_calib/lib/python3.10/site-packages/dobot_realsense_calib
[0.923s] copying /home/ssafy/pene_pjt/build/dobot_realsense_calib/build/lib/dobot_realsense_calib/calib_collect.py -> /home/ssafy/pene_pjt/install/dobot_realsense_calib/lib/python3.10/site-packages/dobot_realsense_calib
[0.923s] copying /home/ssafy/pene_pjt/build/dobot_realsense_calib/build/lib/dobot_realsense_calib/robot_interface.py -> /home/ssafy/pene_pjt/install/dobot_realsense_calib/lib/python3.10/site-packages/dobot_realsense_calib
[0.923s] copying /home/ssafy/pene_pjt/build/dobot_realsense_calib/build/lib/dobot_realsense_calib/pick_node.py -> /home/ssafy/pene_pjt/install/dobot_realsense_calib/lib/python3.10/site-packages/dobot_realsense_calib
[0.924s] byte-compiling /home/ssafy/pene_pjt/install/dobot_realsense_calib/lib/python3.10/site-packages/dobot_realsense_calib/vision.py to vision.cpython-310.pyc
[0.925s] byte-compiling /home/ssafy/pene_pjt/install/dobot_realsense_calib/lib/python3.10/site-packages/dobot_realsense_calib/calib_collect.py to calib_collect.cpython-310.pyc
[0.926s] byte-compiling /home/ssafy/pene_pjt/install/dobot_realsense_calib/lib/python3.10/site-packages/dobot_realsense_calib/robot_interface.py to robot_interface.cpython-310.pyc
[0.927s] byte-compiling /home/ssafy/pene_pjt/install/dobot_realsense_calib/lib/python3.10/site-packages/dobot_realsense_calib/pick_node.py to pick_node.cpython-310.pyc
[0.928s] running install_data
[0.928s] copying package.xml -> /home/ssafy/pene_pjt/install/dobot_realsense_calib/share/dobot_realsense_calib
[0.928s] copying launch/pick.launch.py -> /home/ssafy/pene_pjt/install/dobot_realsense_calib/share/dobot_realsense_calib/launch
[0.928s] running install_egg_info
[0.943s] removing '/home/ssafy/pene_pjt/install/dobot_realsense_calib/lib/python3.10/site-packages/dobot_realsense_calib-0.1.0-py3.10.egg-info' (and everything under it)
[0.943s] Copying ../build/dobot_realsense_calib/dobot_realsense_calib.egg-info to /home/ssafy/pene_pjt/install/dobot_realsense_calib/lib/python3.10/site-packages/dobot_realsense_calib-0.1.0-py3.10.egg-info
[0.944s] running install_scripts
[1.058s] Installing calib_collect script to /home/ssafy/pene_pjt/install/dobot_realsense_calib/bin
[1.058s] Installing calib_compute script to /home/ssafy/pene_pjt/install/dobot_realsense_calib/bin
[1.058s] Installing calib_verify script to /home/ssafy/pene_pjt/install/dobot_realsense_calib/bin
[1.058s] Installing pick_node script to /home/ssafy/pene_pjt/install/dobot_realsense_calib/bin
[1.058s] writing list of installed files to '/home/ssafy/pene_pjt/build/dobot_realsense_calib/install.log'
[1.095s] Invoked command in '/home/ssafy/pene_pjt/dobot_realsense_calib' returned '0': PYTHONPATH=/home/ssafy/pene_pjt/build/dobot_realsense_calib/prefix_override:/usr/lib/python3/dist-packages/colcon_core/task/python/colcon_distutils_commands:/home/ssafy/pene_pjt/install/dobot_realsense_calib/lib/python3.10/site-packages:${PYTHONPATH} /usr/bin/python3 -W ignore:setup.py install is deprecated -W ignore:easy_install command is deprecated setup.py egg_info --egg-base ../build/dobot_realsense_calib build --build-base /home/ssafy/pene_pjt/build/dobot_realsense_calib/build install --record /home/ssafy/pene_pjt/build/dobot_realsense_calib/install.log --single-version-externally-managed install_data
