[0.635s] Invoking command in '/home/ssafy/pene_pjt/ros_ws/golf_ball_inspector': PYTHONPATH=/home/ssafy/pene_pjt/ros_ws/build/golf_ball_inspector/prefix_override:/usr/lib/python3/dist-packages/colcon_core/task/python/colcon_distutils_commands:/home/ssafy/pene_pjt/ros_ws/install/golf_ball_inspector/lib/python3.10/site-packages:${PYTHONPATH} /usr/bin/python3 -W ignore:setup.py install is deprecated -W ignore:easy_install command is deprecated setup.py egg_info --egg-base ../build/golf_ball_inspector build --build-base /home/ssafy/pene_pjt/ros_ws/build/golf_ball_inspector/build install --record /home/ssafy/pene_pjt/ros_ws/build/golf_ball_inspector/install.log --single-version-externally-managed install_data
[0.815s] running egg_info
[0.827s] writing ../build/golf_ball_inspector/golf_ball_inspector.egg-info/PKG-INFO
[0.827s] writing dependency_links to ../build/golf_ball_inspector/golf_ball_inspector.egg-info/dependency_links.txt
[0.827s] writing entry points to ../build/golf_ball_inspector/golf_ball_inspector.egg-info/entry_points.txt
[0.827s] writing requirements to ../build/golf_ball_inspector/golf_ball_inspector.egg-info/requires.txt
[0.827s] writing top-level names to ../build/golf_ball_inspector/golf_ball_inspector.egg-info/top_level.txt
[0.849s] reading manifest file '../build/golf_ball_inspector/golf_ball_inspector.egg-info/SOURCES.txt'
[0.850s] writing manifest file '../build/golf_ball_inspector/golf_ball_inspector.egg-info/SOURCES.txt'
[0.850s] running build
[0.850s] running build_py
[0.850s] copying golf_ball_inspector/conveyor_node.py -> /home/ssafy/pene_pjt/ros_ws/build/golf_ball_inspector/build/lib/golf_ball_inspector
[0.850s] copying golf_ball_inspector/dobot_controller_node.py -> /home/ssafy/pene_pjt/ros_ws/build/golf_ball_inspector/build/lib/golf_ball_inspector
[0.850s] copying golf_ball_inspector/inspection_node.py -> /home/ssafy/pene_pjt/ros_ws/build/golf_ball_inspector/build/lib/golf_ball_inspector
[0.850s] copying golf_ball_inspector/__init__.py -> /home/ssafy/pene_pjt/ros_ws/build/golf_ball_inspector/build/lib/golf_ball_inspector
[0.850s] running install
[0.854s] running install_lib
[0.865s] copying /home/ssafy/pene_pjt/ros_ws/build/golf_ball_inspector/build/lib/golf_ball_inspector/dobot_controller_node.py -> /home/ssafy/pene_pjt/ros_ws/install/golf_ball_inspector/lib/python3.10/site-packages/golf_ball_inspector
[0.865s] copying /home/ssafy/pene_pjt/ros_ws/build/golf_ball_inspector/build/lib/golf_ball_inspector/inspection_node.py -> /home/ssafy/pene_pjt/ros_ws/install/golf_ball_inspector/lib/python3.10/site-packages/golf_ball_inspector
[0.866s] byte-compiling /home/ssafy/pene_pjt/ros_ws/install/golf_ball_inspector/lib/python3.10/site-packages/golf_ball_inspector/dobot_controller_node.py to dobot_controller_node.cpython-310.pyc
[0.867s] byte-compiling /home/ssafy/pene_pjt/ros_ws/install/golf_ball_inspector/lib/python3.10/site-packages/golf_ball_inspector/inspection_node.py to inspection_node.cpython-310.pyc
[0.868s] running install_data
[0.868s] copying resource/golf_ball_inspector -> /home/ssafy/pene_pjt/ros_ws/install/golf_ball_inspector/share/ament_index/resource_index/packages
[0.868s] copying package.xml -> /home/ssafy/pene_pjt/ros_ws/install/golf_ball_inspector/share/golf_ball_inspector
[0.868s] copying launch/rpi_launch.py -> /home/ssafy/pene_pjt/ros_ws/install/golf_ball_inspector/share/golf_ball_inspector/launch
[0.868s] copying launch/pc_launch.py -> /home/ssafy/pene_pjt/ros_ws/install/golf_ball_inspector/share/golf_ball_inspector/launch
[0.868s] running install_egg_info
[0.880s] removing '/home/ssafy/pene_pjt/ros_ws/install/golf_ball_inspector/lib/python3.10/site-packages/golf_ball_inspector-0.1.0-py3.10.egg-info' (and everything under it)
[0.880s] Copying ../build/golf_ball_inspector/golf_ball_inspector.egg-info to /home/ssafy/pene_pjt/ros_ws/install/golf_ball_inspector/lib/python3.10/site-packages/golf_ball_inspector-0.1.0-py3.10.egg-info
[0.880s] running install_scripts
[1.002s] Installing conveyor script to /home/ssafy/pene_pjt/ros_ws/install/golf_ball_inspector/lib/golf_ball_inspector
[1.002s] Installing dobot_controller script to /home/ssafy/pene_pjt/ros_ws/install/golf_ball_inspector/lib/golf_ball_inspector
[1.002s] Installing inspection script to /home/ssafy/pene_pjt/ros_ws/install/golf_ball_inspector/lib/golf_ball_inspector
[1.002s] writing list of installed files to '/home/ssafy/pene_pjt/ros_ws/build/golf_ball_inspector/install.log'
[1.026s] Invoked command in '/home/ssafy/pene_pjt/ros_ws/golf_ball_inspector' returned '0': PYTHONPATH=/home/ssafy/pene_pjt/ros_ws/build/golf_ball_inspector/prefix_override:/usr/lib/python3/dist-packages/colcon_core/task/python/colcon_distutils_commands:/home/ssafy/pene_pjt/ros_ws/install/golf_ball_inspector/lib/python3.10/site-packages:${PYTHONPATH} /usr/bin/python3 -W ignore:setup.py install is deprecated -W ignore:easy_install command is deprecated setup.py egg_info --egg-base ../build/golf_ball_inspector build --build-base /home/ssafy/pene_pjt/ros_ws/build/golf_ball_inspector/build install --record /home/ssafy/pene_pjt/ros_ws/build/golf_ball_inspector/install.log --single-version-externally-managed install_data
