/home/ssafy/pene_pjt/install/dobot_realsense_calib/lib/python3.10/site-packages/dobot_realsense_calib/vision.py
/home/ssafy/pene_pjt/install/dobot_realsense_calib/lib/python3.10/site-packages/dobot_realsense_calib/calib_collect.py
/home/ssafy/pene_pjt/install/dobot_realsense_calib/lib/python3.10/site-packages/dobot_realsense_calib/calib_compute.py
/home/ssafy/pene_pjt/install/dobot_realsense_calib/lib/python3.10/site-packages/dobot_realsense_calib/calib_verify.py
/home/ssafy/pene_pjt/install/dobot_realsense_calib/lib/python3.10/site-packages/dobot_realsense_calib/robot_interface.py
/home/ssafy/pene_pjt/install/dobot_realsense_calib/lib/python3.10/site-packages/dobot_realsense_calib/pick_node.py
/home/ssafy/pene_pjt/install/dobot_realsense_calib/lib/python3.10/site-packages/dobot_realsense_calib/__init__.py
/home/ssafy/pene_pjt/install/dobot_realsense_calib/lib/python3.10/site-packages/dobot_realsense_calib/__pycache__/vision.cpython-310.pyc
/home/ssafy/pene_pjt/install/dobot_realsense_calib/lib/python3.10/site-packages/dobot_realsense_calib/__pycache__/calib_collect.cpython-310.pyc
/home/ssafy/pene_pjt/install/dobot_realsense_calib/lib/python3.10/site-packages/dobot_realsense_calib/__pycache__/calib_compute.cpython-310.pyc
/home/ssafy/pene_pjt/install/dobot_realsense_calib/lib/python3.10/site-packages/dobot_realsense_calib/__pycache__/calib_verify.cpython-310.pyc
/home/ssafy/pene_pjt/install/dobot_realsense_calib/lib/python3.10/site-packages/dobot_realsense_calib/__pycache__/robot_interface.cpython-310.pyc
/home/ssafy/pene_pjt/install/dobot_realsense_calib/lib/python3.10/site-packages/dobot_realsense_calib/__pycache__/pick_node.cpython-310.pyc
/home/ssafy/pene_pjt/install/dobot_realsense_calib/lib/python3.10/site-packages/dobot_realsense_calib/__pycache__/__init__.cpython-310.pyc
/home/ssafy/pene_pjt/install/dobot_realsense_calib/share/ament_index/resource_index/packages/dobot_realsense_calib
/home/ssafy/pene_pjt/install/dobot_realsense_calib/share/dobot_realsense_calib/package.xml
/home/ssafy/pene_pjt/install/dobot_realsense_calib/share/dobot_realsense_calib/config
/home/ssafy/pene_pjt/install/dobot_realsense_calib/share/dobot_realsense_calib/launch/pick.launch.py
/home/ssafy/pene_pjt/install/dobot_realsense_calib/lib/python3.10/site-packages/dobot_realsense_calib-0.1.0-py3.10.egg-info/PKG-INFO
/home/ssafy/pene_pjt/install/dobot_realsense_calib/lib/python3.10/site-packages/dobot_realsense_calib-0.1.0-py3.10.egg-info/SOURCES.txt
/home/ssafy/pene_pjt/install/dobot_realsense_calib/lib/python3.10/site-packages/dobot_realsense_calib-0.1.0-py3.10.egg-info/requires.txt
/home/ssafy/pene_pjt/install/dobot_realsense_calib/lib/python3.10/site-packages/dobot_realsense_calib-0.1.0-py3.10.egg-info/dependency_links.txt
/home/ssafy/pene_pjt/install/dobot_realsense_calib/lib/python3.10/site-packages/dobot_realsense_calib-0.1.0-py3.10.egg-info/zip-safe
/home/ssafy/pene_pjt/install/dobot_realsense_calib/lib/python3.10/site-packages/dobot_realsense_calib-0.1.0-py3.10.egg-info/top_level.txt
/home/ssafy/pene_pjt/install/dobot_realsense_calib/lib/python3.10/site-packages/dobot_realsense_calib-0.1.0-py3.10.egg-info/entry_points.txt
/home/ssafy/pene_pjt/install/dobot_realsense_calib/lib/dobot_realsense_calib/calib_collect
/home/ssafy/pene_pjt/install/dobot_realsense_calib/lib/dobot_realsense_calib/calib_compute
/home/ssafy/pene_pjt/install/dobot_realsense_calib/lib/dobot_realsense_calib/calib_verify
/home/ssafy/pene_pjt/install/dobot_realsense_calib/lib/dobot_realsense_calib/pick_node
