[0.099s] DEBUG:colcon:Command line arguments: ['/usr/bin/colcon', 'build', '--packages-select', 'golf_ball_inspector']
[0.099s] DEBUG:colcon:Parsed command line arguments: Namespace(log_base=None, log_level=None, verb_name='build', build_base='build', install_base='install', merge_install=False, symlink_install=False, test_result_base=None, continue_on_error=False, executor='parallel', parallel_workers=20, event_handlers=None, ignore_user_meta=False, metas=['./colcon.meta'], base_paths=['.'], packages_ignore=None, packages_ignore_regex=None, paths=None, packages_up_to=None, packages_up_to_regex=None, packages_above=None, packages_above_and_dependencies=None, packages_above_depth=None, packages_select_by_dep=None, packages_skip_by_dep=None, packages_skip_up_to=None, packages_select_build_failed=False, packages_skip_build_finished=False, packages_select_test_failures=False, packages_skip_test_passed=False, packages_select=['golf_ball_inspector'], packages_skip=None, packages_select_regex=None, packages_skip_regex=None, packages_start=None, packages_end=None, allow_overriding=[], cmake_args=None, cmake_target=None, cmake_target_skip_unavailable=False, cmake_clean_cache=False, cmake_clean_first=False, cmake_force_configure=False, ament_cmake_args=None, catkin_cmake_args=None, catkin_skip_building_tests=False, mixin_files=None, mixin=None, verb_parser=<colcon_mixin.mixin.mixin_argument.MixinArgumentDecorator object at 0x724f8cfaaaa0>, verb_extension=<colcon_core.verb.build.BuildVerb object at 0x724f8cf33610>, main=<bound method BuildVerb.main of <colcon_core.verb.build.BuildVerb object at 0x724f8cf33610>>, mixin_verb=('build',))
[0.138s] Level 1:colcon.colcon_core.package_discovery:discover_packages(colcon_meta) check parameters
[0.138s] Level 1:colcon.colcon_core.package_discovery:discover_packages(recursive) check parameters
[0.138s] Level 1:colcon.colcon_core.package_discovery:discover_packages(ignore) check parameters
[0.138s] Level 1:colcon.colcon_core.package_discovery:discover_packages(path) check parameters
[0.138s] Level 1:colcon.colcon_core.package_discovery:discover_packages(colcon_meta) discover
[0.139s] Level 1:colcon.colcon_core.package_discovery:discover_packages(recursive) discover
[0.139s] INFO:colcon.colcon_core.package_discovery:Crawling recursively for packages in '/home/ssafy/pene_pjt/ros_ws'
[0.139s] Level 1:colcon.colcon_core.package_identification:_identify(.) by extensions ['ignore', 'ignore_ament_install']
[0.139s] Level 1:colcon.colcon_core.package_identification:_identify(.) by extension 'ignore'
[0.139s] Level 1:colcon.colcon_core.package_identification:_identify(.) by extension 'ignore_ament_install'
[0.139s] Level 1:colcon.colcon_core.package_identification:_identify(.) by extensions ['colcon_pkg']
[0.139s] Level 1:colcon.colcon_core.package_identification:_identify(.) by extension 'colcon_pkg'
[0.139s] Level 1:colcon.colcon_core.package_identification:_identify(.) by extensions ['colcon_meta']
[0.139s] Level 1:colcon.colcon_core.package_identification:_identify(.) by extension 'colcon_meta'
[0.139s] Level 1:colcon.colcon_core.package_identification:_identify(.) by extensions ['ros']
[0.139s] Level 1:colcon.colcon_core.package_identification:_identify(.) by extension 'ros'
[0.149s] Level 1:colcon.colcon_core.package_identification:_identify(.) by extensions ['cmake', 'python']
[0.149s] Level 1:colcon.colcon_core.package_identification:_identify(.) by extension 'cmake'
[0.149s] Level 1:colcon.colcon_core.package_identification:_identify(.) by extension 'python'
[0.149s] Level 1:colcon.colcon_core.package_identification:_identify(.) by extensions ['python_setup_py']
[0.149s] Level 1:colcon.colcon_core.package_identification:_identify(.) by extension 'python_setup_py'
[0.149s] Level 1:colcon.colcon_core.package_identification:_identify(build) by extensions ['ignore', 'ignore_ament_install']
[0.149s] Level 1:colcon.colcon_core.package_identification:_identify(build) by extension 'ignore'
[0.149s] Level 1:colcon.colcon_core.package_identification:_identify(build) ignored
[0.149s] Level 1:colcon.colcon_core.package_identification:_identify(dobot_realsense_calib) by extensions ['ignore', 'ignore_ament_install']
[0.149s] Level 1:colcon.colcon_core.package_identification:_identify(dobot_realsense_calib) by extension 'ignore'
[0.149s] Level 1:colcon.colcon_core.package_identification:_identify(dobot_realsense_calib) by extension 'ignore_ament_install'
[0.149s] Level 1:colcon.colcon_core.package_identification:_identify(dobot_realsense_calib) by extensions ['colcon_pkg']
[0.149s] Level 1:colcon.colcon_core.package_identification:_identify(dobot_realsense_calib) by extension 'colcon_pkg'
[0.149s] Level 1:colcon.colcon_core.package_identification:_identify(dobot_realsense_calib) by extensions ['colcon_meta']
[0.149s] Level 1:colcon.colcon_core.package_identification:_identify(dobot_realsense_calib) by extension 'colcon_meta'
[0.149s] Level 1:colcon.colcon_core.package_identification:_identify(dobot_realsense_calib) by extensions ['ros']
[0.150s] Level 1:colcon.colcon_core.package_identification:_identify(dobot_realsense_calib) by extension 'ros'
[0.151s] DEBUG:colcon.colcon_core.package_identification:Package 'dobot_realsense_calib' with type 'ros.ament_python' and name 'dobot_realsense_calib'
[0.151s] Level 1:colcon.colcon_core.package_identification:_identify(golf_ball_inspector) by extensions ['ignore', 'ignore_ament_install']
[0.152s] Level 1:colcon.colcon_core.package_identification:_identify(golf_ball_inspector) by extension 'ignore'
[0.152s] Level 1:colcon.colcon_core.package_identification:_identify(golf_ball_inspector) by extension 'ignore_ament_install'
[0.152s] Level 1:colcon.colcon_core.package_identification:_identify(golf_ball_inspector) by extensions ['colcon_pkg']
[0.152s] Level 1:colcon.colcon_core.package_identification:_identify(golf_ball_inspector) by extension 'colcon_pkg'
[0.152s] Level 1:colcon.colcon_core.package_identification:_identify(golf_ball_inspector) by extensions ['colcon_meta']
[0.152s] Level 1:colcon.colcon_core.package_identification:_identify(golf_ball_inspector) by extension 'colcon_meta'
[0.152s] Level 1:colcon.colcon_core.package_identification:_identify(golf_ball_inspector) by extensions ['ros']
[0.152s] Level 1:colcon.colcon_core.package_identification:_identify(golf_ball_inspector) by extension 'ros'
[0.152s] DEBUG:colcon.colcon_core.package_identification:Package 'golf_ball_inspector' with type 'ros.ament_python' and name 'golf_ball_inspector'
[0.152s] Level 1:colcon.colcon_core.package_identification:_identify(install) by extensions ['ignore', 'ignore_ament_install']
[0.152s] Level 1:colcon.colcon_core.package_identification:_identify(install) by extension 'ignore'
[0.152s] Level 1:colcon.colcon_core.package_identification:_identify(install) ignored
[0.152s] Level 1:colcon.colcon_core.package_identification:_identify(log) by extensions ['ignore', 'ignore_ament_install']
[0.153s] Level 1:colcon.colcon_core.package_identification:_identify(log) by extension 'ignore'
[0.153s] Level 1:colcon.colcon_core.package_identification:_identify(log) ignored
[0.153s] Level 1:colcon.colcon_core.package_discovery:discover_packages(recursive) using defaults
[0.153s] Level 1:colcon.colcon_core.package_discovery:discover_packages(ignore) discover
[0.153s] Level 1:colcon.colcon_core.package_discovery:discover_packages(ignore) using defaults
[0.153s] Level 1:colcon.colcon_core.package_discovery:discover_packages(path) discover
[0.153s] Level 1:colcon.colcon_core.package_discovery:discover_packages(path) using defaults
[0.173s] INFO:colcon.colcon_core.package_selection:Skipping not selected package 'dobot_realsense_calib' in 'dobot_realsense_calib'
[0.174s] Level 1:colcon.colcon_core.package_discovery:discover_packages(prefix_path) check parameters
[0.174s] Level 1:colcon.colcon_core.package_discovery:discover_packages(prefix_path) discover
[0.175s] WARNING:colcon.colcon_core.prefix_path.colcon:The path '/home/ssafy/pene_pjt/install' in the environment variable COLCON_PREFIX_PATH doesn't exist
[0.176s] WARNING:colcon.colcon_ros.prefix_path.ament:The path '/home/ssafy/pene_pjt/install/dobot_realsense_calib' in the environment variable AMENT_PREFIX_PATH doesn't exist
[0.179s] DEBUG:colcon.colcon_installed_package_information.package_discovery:Found 17 installed packages in /home/ssafy/rrbot_ws/install
[0.180s] DEBUG:colcon.colcon_installed_package_information.package_discovery:Found 15 installed packages in /home/ssafy/magician_ros2_control_system_ws/install
[0.180s] DEBUG:colcon.colcon_installed_package_information.package_discovery:Found 16 installed packages in /home/ssafy/turtlebot3_ws/install
[0.180s] DEBUG:colcon.colcon_installed_package_information.package_discovery:Found 12 installed packages in /home/ssafy/ssafy_ws/install
[0.181s] DEBUG:colcon.colcon_installed_package_information.package_discovery:Found 2 installed packages in /home/ssafy/ros_ws/install
[0.181s] DEBUG:colcon.colcon_installed_package_information.package_discovery:Found 391 installed packages in /opt/ros/humble
[0.182s] Level 1:colcon.colcon_core.package_discovery:discover_packages(prefix_path) using defaults
[0.232s] Level 5:colcon.colcon_core.verb:set package 'golf_ball_inspector' build argument 'cmake_args' from command line to 'None'
[0.233s] Level 5:colcon.colcon_core.verb:set package 'golf_ball_inspector' build argument 'cmake_target' from command line to 'None'
[0.233s] Level 5:colcon.colcon_core.verb:set package 'golf_ball_inspector' build argument 'cmake_target_skip_unavailable' from command line to 'False'
[0.233s] Level 5:colcon.colcon_core.verb:set package 'golf_ball_inspector' build argument 'cmake_clean_cache' from command line to 'False'
[0.233s] Level 5:colcon.colcon_core.verb:set package 'golf_ball_inspector' build argument 'cmake_clean_first' from command line to 'False'
[0.233s] Level 5:colcon.colcon_core.verb:set package 'golf_ball_inspector' build argument 'cmake_force_configure' from command line to 'False'
[0.233s] Level 5:colcon.colcon_core.verb:set package 'golf_ball_inspector' build argument 'ament_cmake_args' from command line to 'None'
[0.233s] Level 5:colcon.colcon_core.verb:set package 'golf_ball_inspector' build argument 'catkin_cmake_args' from command line to 'None'
[0.233s] Level 5:colcon.colcon_core.verb:set package 'golf_ball_inspector' build argument 'catkin_skip_building_tests' from command line to 'False'
[0.233s] DEBUG:colcon.colcon_core.verb:Building package 'golf_ball_inspector' with the following arguments: {'ament_cmake_args': None, 'build_base': '/home/ssafy/pene_pjt/ros_ws/build/golf_ball_inspector', 'catkin_cmake_args': None, 'catkin_skip_building_tests': False, 'cmake_args': None, 'cmake_clean_cache': False, 'cmake_clean_first': False, 'cmake_force_configure': False, 'cmake_target': None, 'cmake_target_skip_unavailable': False, 'install_base': '/home/ssafy/pene_pjt/ros_ws/install/golf_ball_inspector', 'merge_install': False, 'path': '/home/ssafy/pene_pjt/ros_ws/golf_ball_inspector', 'symlink_install': False, 'test_result_base': None}
[0.233s] INFO:colcon.colcon_core.executor:Executing jobs using 'parallel' executor
[0.235s] DEBUG:colcon.colcon_parallel_executor.executor.parallel:run_until_complete
[0.236s] INFO:colcon.colcon_ros.task.ament_python.build:Building ROS package in '/home/ssafy/pene_pjt/ros_ws/golf_ball_inspector' with build type 'ament_python'
[0.236s] Level 1:colcon.colcon_core.shell:create_environment_hook('golf_ball_inspector', 'ament_prefix_path')
[0.240s] INFO:colcon.colcon_core.plugin_system:Skipping extension 'colcon_core.shell.bat': Not used on non-Windows systems
[0.240s] INFO:colcon.colcon_core.shell:Creating environment hook '/home/ssafy/pene_pjt/ros_ws/install/golf_ball_inspector/share/golf_ball_inspector/hook/ament_prefix_path.ps1'
[0.241s] INFO:colcon.colcon_core.shell:Creating environment descriptor '/home/ssafy/pene_pjt/ros_ws/install/golf_ball_inspector/share/golf_ball_inspector/hook/ament_prefix_path.dsv'
[0.241s] INFO:colcon.colcon_core.shell:Creating environment hook '/home/ssafy/pene_pjt/ros_ws/install/golf_ball_inspector/share/golf_ball_inspector/hook/ament_prefix_path.sh'
[0.242s] INFO:colcon.colcon_core.shell:Skip shell extension 'powershell' for command environment: Not usable outside of PowerShell
[0.242s] DEBUG:colcon.colcon_core.shell:Skip shell extension 'dsv' for command environment
[0.438s] INFO:colcon.colcon_core.task.python.build:Building Python package in '/home/ssafy/pene_pjt/ros_ws/golf_ball_inspector'
[0.439s] INFO:colcon.colcon_core.shell:Skip shell extension 'powershell' for command environment: Not usable outside of PowerShell
[0.439s] DEBUG:colcon.colcon_core.shell:Skip shell extension 'dsv' for command environment
[0.926s] DEBUG:colcon.colcon_core.event_handler.log_command:Invoking command in '/home/ssafy/pene_pjt/ros_ws/golf_ball_inspector': PYTHONPATH=/home/ssafy/pene_pjt/ros_ws/build/golf_ball_inspector/prefix_override:/usr/lib/python3/dist-packages/colcon_core/task/python/colcon_distutils_commands:/home/ssafy/pene_pjt/ros_ws/install/golf_ball_inspector/lib/python3.10/site-packages:${PYTHONPATH} /usr/bin/python3 -W ignore:setup.py install is deprecated -W ignore:easy_install command is deprecated setup.py egg_info --egg-base ../build/golf_ball_inspector build --build-base /home/ssafy/pene_pjt/ros_ws/build/golf_ball_inspector/build install --record /home/ssafy/pene_pjt/ros_ws/build/golf_ball_inspector/install.log --single-version-externally-managed install_data
[1.326s] DEBUG:colcon.colcon_core.event_handler.log_command:Invoked command in '/home/ssafy/pene_pjt/ros_ws/golf_ball_inspector' returned '0': PYTHONPATH=/home/ssafy/pene_pjt/ros_ws/build/golf_ball_inspector/prefix_override:/usr/lib/python3/dist-packages/colcon_core/task/python/colcon_distutils_commands:/home/ssafy/pene_pjt/ros_ws/install/golf_ball_inspector/lib/python3.10/site-packages:${PYTHONPATH} /usr/bin/python3 -W ignore:setup.py install is deprecated -W ignore:easy_install command is deprecated setup.py egg_info --egg-base ../build/golf_ball_inspector build --build-base /home/ssafy/pene_pjt/ros_ws/build/golf_ball_inspector/build install --record /home/ssafy/pene_pjt/ros_ws/build/golf_ball_inspector/install.log --single-version-externally-managed install_data
[1.335s] Level 1:colcon.colcon_core.environment:checking '/home/ssafy/pene_pjt/ros_ws/install/golf_ball_inspector' for CMake module files
[1.335s] Level 1:colcon.colcon_core.environment:checking '/home/ssafy/pene_pjt/ros_ws/install/golf_ball_inspector' for CMake config files
[1.335s] Level 1:colcon.colcon_core.environment:checking '/home/ssafy/pene_pjt/ros_ws/install/golf_ball_inspector/lib'
[1.336s] Level 1:colcon.colcon_core.environment:checking '/home/ssafy/pene_pjt/ros_ws/install/golf_ball_inspector/bin'
[1.336s] Level 1:colcon.colcon_core.environment:checking '/home/ssafy/pene_pjt/ros_ws/install/golf_ball_inspector/lib/pkgconfig/golf_ball_inspector.pc'
[1.336s] Level 1:colcon.colcon_core.environment:checking '/home/ssafy/pene_pjt/ros_ws/install/golf_ball_inspector/lib/python3.10/site-packages'
[1.336s] Level 1:colcon.colcon_core.shell:create_environment_hook('golf_ball_inspector', 'pythonpath')
[1.336s] INFO:colcon.colcon_core.shell:Creating environment hook '/home/ssafy/pene_pjt/ros_ws/install/golf_ball_inspector/share/golf_ball_inspector/hook/pythonpath.ps1'
[1.337s] INFO:colcon.colcon_core.shell:Creating environment descriptor '/home/ssafy/pene_pjt/ros_ws/install/golf_ball_inspector/share/golf_ball_inspector/hook/pythonpath.dsv'
[1.337s] INFO:colcon.colcon_core.shell:Creating environment hook '/home/ssafy/pene_pjt/ros_ws/install/golf_ball_inspector/share/golf_ball_inspector/hook/pythonpath.sh'
[1.337s] Level 1:colcon.colcon_core.environment:checking '/home/ssafy/pene_pjt/ros_ws/install/golf_ball_inspector/bin'
[1.337s] Level 1:colcon.colcon_core.environment:create_environment_scripts_only(golf_ball_inspector)
[1.337s] INFO:colcon.colcon_core.shell:Creating package script '/home/ssafy/pene_pjt/ros_ws/install/golf_ball_inspector/share/golf_ball_inspector/package.ps1'
[1.338s] INFO:colcon.colcon_core.shell:Creating package descriptor '/home/ssafy/pene_pjt/ros_ws/install/golf_ball_inspector/share/golf_ball_inspector/package.dsv'
[1.339s] INFO:colcon.colcon_core.shell:Creating package script '/home/ssafy/pene_pjt/ros_ws/install/golf_ball_inspector/share/golf_ball_inspector/package.sh'
[1.339s] INFO:colcon.colcon_core.shell:Creating package script '/home/ssafy/pene_pjt/ros_ws/install/golf_ball_inspector/share/golf_ball_inspector/package.bash'
[1.339s] INFO:colcon.colcon_core.shell:Creating package script '/home/ssafy/pene_pjt/ros_ws/install/golf_ball_inspector/share/golf_ball_inspector/package.zsh'
[1.340s] Level 1:colcon.colcon_core.environment:create_file_with_runtime_dependencies(/home/ssafy/pene_pjt/ros_ws/install/golf_ball_inspector/share/colcon-core/packages/golf_ball_inspector)
[1.340s] DEBUG:colcon.colcon_parallel_executor.executor.parallel:closing loop
[1.340s] DEBUG:colcon.colcon_parallel_executor.executor.parallel:loop closed
[1.340s] DEBUG:colcon.colcon_parallel_executor.executor.parallel:run_until_complete finished with '0'
[1.340s] DEBUG:colcon.colcon_core.event_reactor:joining thread
[1.344s] INFO:colcon.colcon_core.plugin_system:Skipping extension 'colcon_notification.desktop_notification.terminal_notifier': Not used on non-Darwin systems
[1.344s] INFO:colcon.colcon_core.plugin_system:Skipping extension 'colcon_notification.desktop_notification.win32': Not used on non-Windows systems
[1.344s] INFO:colcon.colcon_notification.desktop_notification:Sending desktop notification using 'notify2'
[1.354s] DEBUG:colcon.colcon_core.event_reactor:joined thread
[1.355s] INFO:colcon.colcon_core.shell:Creating prefix script '/home/ssafy/pene_pjt/ros_ws/install/local_setup.ps1'
[1.356s] INFO:colcon.colcon_core.shell:Creating prefix util module '/home/ssafy/pene_pjt/ros_ws/install/_local_setup_util_ps1.py'
[1.356s] INFO:colcon.colcon_core.shell:Creating prefix chain script '/home/ssafy/pene_pjt/ros_ws/install/setup.ps1'
[1.358s] INFO:colcon.colcon_core.shell:Creating prefix script '/home/ssafy/pene_pjt/ros_ws/install/local_setup.sh'
[1.358s] INFO:colcon.colcon_core.shell:Creating prefix util module '/home/ssafy/pene_pjt/ros_ws/install/_local_setup_util_sh.py'
[1.359s] INFO:colcon.colcon_core.shell:Creating prefix chain script '/home/ssafy/pene_pjt/ros_ws/install/setup.sh'
[1.360s] INFO:colcon.colcon_core.shell:Creating prefix script '/home/ssafy/pene_pjt/ros_ws/install/local_setup.bash'
[1.361s] INFO:colcon.colcon_core.shell:Creating prefix chain script '/home/ssafy/pene_pjt/ros_ws/install/setup.bash'
[1.362s] INFO:colcon.colcon_core.shell:Creating prefix script '/home/ssafy/pene_pjt/ros_ws/install/local_setup.zsh'
[1.363s] INFO:colcon.colcon_core.shell:Creating prefix chain script '/home/ssafy/pene_pjt/ros_ws/install/setup.zsh'
